{"C:\\Users\\Lenovo\\Desktop\\Node_t\\node-test\\app.js": {"path":"C:\\Users\\Lenovo\\Desktop\\Node_t\\node-test\\app.js","statementMap":{"0":{"start":{"line":1,"column":16},"end":{"line":1,"column":34}},"1":{"start":{"line":3,"column":17},"end":{"line":3,"column":36}},"2":{"start":{"line":4,"column":15},"end":{"line":4,"column":32}},"3":{"start":{"line":5,"column":15},"end":{"line":5,"column":53}},"4":{"start":{"line":6,"column":15},"end":{"line":6,"column":45}},"5":{"start":{"line":7,"column":20},"end":{"line":7,"column":47}},"6":{"start":{"line":8,"column":13},"end":{"line":8,"column":57}},"7":{"start":{"line":10,"column":0},"end":{"line":10,"column":16}},"8":{"start":{"line":12,"column":12},"end":{"line":12,"column":21}},"9":{"start":{"line":13,"column":13},"end":{"line":13,"column":37}},"10":{"start":{"line":15,"column":0},"end":{"line":15,"column":24}},"11":{"start":{"line":16,"column":0},"end":{"line":16,"column":48}},"12":{"start":{"line":18,"column":0},"end":{"line":18,"column":16}},"13":{"start":{"line":21,"column":0},"end":{"line":21,"column":13}},"14":{"start":{"line":23,"column":0},"end":{"line":23,"column":16}},"15":{"start":{"line":26,"column":0},"end":{"line":28,"column":3}},"16":{"start":{"line":27,"column":22},"end":{"line":27,"column":116}},"17":{"start":{"line":30,"column":0},"end":{"line":30,"column":21}},"18":{"start":{"line":37,"column":85},"end":{"line":37,"column":39811}},"19":{"start":{"line":37,"column":89},"end":{"line":37,"column":39800}}},"fnMap":{"0":{"name":"(anonymous_0)","decl":{"start":{"line":26,"column":17},"end":{"line":26,"column":18}},"loc":{"start":{"line":26,"column":23},"end":{"line":28,"column":1}},"line":26},"1":{"name":"oo_cm","decl":{"start":{"line":37,"column":77},"end":{"line":37,"column":82}},"loc":{"start":{"line":37,"column":84},"end":{"line":37,"column":39812}},"line":37}},"branchMap":{"0":{"loc":{"start":{"line":13,"column":13},"end":{"line":13,"column":37}},"type":"binary-expr","locations":[{"start":{"line":13,"column":13},"end":{"line":13,"column":29}},{"start":{"line":13,"column":33},"end":{"line":13,"column":37}}],"line":13},"1":{"loc":{"start":{"line":37,"column":96},"end":{"line":37,"column":39799}},"type":"binary-expr","locations":[{"start":{"line":37,"column":96},"end":{"line":37,"column":133}},{"start":{"line":37,"column":137},"end":{"line":37,"column":39799}}],"line":37}},"s":{"0":1,"1":1,"2":1,"3":1,"4":1,"5":1,"6":1,"7":1,"8":1,"9":1,"10":1,"11":1,"12":1,"13":1,"14":1,"15":1,"16":1,"17":1,"18":1,"19":1},"f":{"0":1,"1":1},"b":{"0":[1,0],"1":[1,1]},"_coverageSchema":"1a1c01bbd47fc00a2c39e90264f33305004495a9","hash":"33b5b9e64e3bcbad54c05ff43299d5a840e15d59"}
,"C:\\Users\\Lenovo\\Desktop\\Node_t\\node-test\\config\\mongodb.js": {"path":"C:\\Users\\Lenovo\\Desktop\\Node_t\\node-test\\config\\mongodb.js","statementMap":{"0":{"start":{"line":2,"column":0},"end":{"line":2,"column":27}},"1":{"start":{"line":4,"column":17},"end":{"line":4,"column":36}},"2":{"start":{"line":6,"column":20},"end":{"line":15,"column":1}},"3":{"start":{"line":7,"column":2},"end":{"line":14,"column":7}},"4":{"start":{"line":10,"column":26},"end":{"line":10,"column":95}},"5":{"start":{"line":13,"column":26},"end":{"line":13,"column":111}},"6":{"start":{"line":17,"column":0},"end":{"line":17,"column":29}},"7":{"start":{"line":24,"column":85},"end":{"line":24,"column":39811}},"8":{"start":{"line":24,"column":89},"end":{"line":24,"column":39800}}},"fnMap":{"0":{"name":"(anonymous_0)","decl":{"start":{"line":6,"column":20},"end":{"line":6,"column":21}},"loc":{"start":{"line":6,"column":32},"end":{"line":15,"column":1}},"line":6},"1":{"name":"(anonymous_1)","decl":{"start":{"line":9,"column":10},"end":{"line":9,"column":11}},"loc":{"start":{"line":9,"column":22},"end":{"line":11,"column":5}},"line":9},"2":{"name":"(anonymous_2)","decl":{"start":{"line":12,"column":11},"end":{"line":12,"column":12}},"loc":{"start":{"line":12,"column":20},"end":{"line":14,"column":5}},"line":12},"3":{"name":"oo_cm","decl":{"start":{"line":24,"column":77},"end":{"line":24,"column":82}},"loc":{"start":{"line":24,"column":84},"end":{"line":24,"column":39812}},"line":24}},"branchMap":{"0":{"loc":{"start":{"line":24,"column":96},"end":{"line":24,"column":39799}},"type":"binary-expr","locations":[{"start":{"line":24,"column":96},"end":{"line":24,"column":133}},{"start":{"line":24,"column":137},"end":{"line":24,"column":39799}}],"line":24}},"s":{"0":1,"1":1,"2":1,"3":1,"4":1,"5":0,"6":1,"7":1,"8":1},"f":{"0":1,"1":1,"2":0,"3":1},"b":{"0":[1,0]},"_coverageSchema":"1a1c01bbd47fc00a2c39e90264f33305004495a9","hash":"d3955098e2b854b3a5442cf3fd4987809ecf892c"}
,"C:\\Users\\Lenovo\\Desktop\\Node_t\\node-test\\middleware\\logger.js": {"path":"C:\\Users\\Lenovo\\Desktop\\Node_t\\node-test\\middleware\\logger.js","statementMap":{"0":{"start":{"line":1,"column":11},"end":{"line":1,"column":24}},"1":{"start":{"line":2,"column":13},"end":{"line":2,"column":28}},"2":{"start":{"line":4,"column":15},"end":{"line":12,"column":1}},"3":{"start":{"line":5,"column":14},"end":{"line":5,"column":72}},"4":{"start":{"line":6,"column":2},"end":{"line":10,"column":5}},"5":{"start":{"line":7,"column":4},"end":{"line":9,"column":5}},"6":{"start":{"line":8,"column":26},"end":{"line":8,"column":110}},"7":{"start":{"line":11,"column":2},"end":{"line":11,"column":9}},"8":{"start":{"line":14,"column":0},"end":{"line":14,"column":24}},"9":{"start":{"line":21,"column":85},"end":{"line":21,"column":39811}},"10":{"start":{"line":21,"column":89},"end":{"line":21,"column":39800}}},"fnMap":{"0":{"name":"(anonymous_0)","decl":{"start":{"line":4,"column":15},"end":{"line":4,"column":16}},"loc":{"start":{"line":4,"column":35},"end":{"line":12,"column":1}},"line":4},"1":{"name":"(anonymous_1)","decl":{"start":{"line":6,"column":71},"end":{"line":6,"column":72}},"loc":{"start":{"line":6,"column":80},"end":{"line":10,"column":3}},"line":6},"2":{"name":"oo_cm","decl":{"start":{"line":21,"column":77},"end":{"line":21,"column":82}},"loc":{"start":{"line":21,"column":84},"end":{"line":21,"column":39812}},"line":21}},"branchMap":{"0":{"loc":{"start":{"line":7,"column":4},"end":{"line":9,"column":5}},"type":"if","locations":[{"start":{"line":7,"column":4},"end":{"line":9,"column":5}},{"start":{},"end":{}}],"line":7},"1":{"loc":{"start":{"line":21,"column":96},"end":{"line":21,"column":39799}},"type":"binary-expr","locations":[{"start":{"line":21,"column":96},"end":{"line":21,"column":133}},{"start":{"line":21,"column":137},"end":{"line":21,"column":39799}}],"line":21}},"s":{"0":1,"1":1,"2":1,"3":10,"4":10,"5":0,"6":0,"7":10,"8":1,"9":0,"10":0},"f":{"0":10,"1":0,"2":0},"b":{"0":[0,0],"1":[0,0]},"_coverageSchema":"1a1c01bbd47fc00a2c39e90264f33305004495a9","hash":"2def0c19cb88f1606d1141b60f85f50dcb3631d1"}
,"C:\\Users\\Lenovo\\Desktop\\Node_t\\node-test\\middleware\\validate.js": {"path":"C:\\Users\\Lenovo\\Desktop\\Node_t\\node-test\\middleware\\validate.js","statementMap":{"0":{"start":{"line":1,"column":21},"end":{"line":20,"column":3}},"1":{"start":{"line":2,"column":33},"end":{"line":2,"column":41}},"2":{"start":{"line":4,"column":4},"end":{"line":6,"column":5}},"3":{"start":{"line":5,"column":6},"end":{"line":5,"column":67}},"4":{"start":{"line":7,"column":4},"end":{"line":9,"column":5}},"5":{"start":{"line":8,"column":6},"end":{"line":8,"column":68}},"6":{"start":{"line":10,"column":4},"end":{"line":12,"column":5}},"7":{"start":{"line":11,"column":6},"end":{"line":11,"column":71}},"8":{"start":{"line":13,"column":4},"end":{"line":15,"column":5}},"9":{"start":{"line":14,"column":6},"end":{"line":14,"column":63}},"10":{"start":{"line":16,"column":4},"end":{"line":18,"column":5}},"11":{"start":{"line":17,"column":6},"end":{"line":17,"column":71}},"12":{"start":{"line":19,"column":4},"end":{"line":19,"column":11}},"13":{"start":{"line":22,"column":2},"end":{"line":22,"column":36}}},"fnMap":{"0":{"name":"(anonymous_0)","decl":{"start":{"line":1,"column":21},"end":{"line":1,"column":22}},"loc":{"start":{"line":1,"column":41},"end":{"line":20,"column":3}},"line":1}},"branchMap":{"0":{"loc":{"start":{"line":4,"column":4},"end":{"line":6,"column":5}},"type":"if","locations":[{"start":{"line":4,"column":4},"end":{"line":6,"column":5}},{"start":{},"end":{}}],"line":4},"1":{"loc":{"start":{"line":7,"column":4},"end":{"line":9,"column":5}},"type":"if","locations":[{"start":{"line":7,"column":4},"end":{"line":9,"column":5}},{"start":{},"end":{}}],"line":7},"2":{"loc":{"start":{"line":10,"column":4},"end":{"line":12,"column":5}},"type":"if","locations":[{"start":{"line":10,"column":4},"end":{"line":12,"column":5}},{"start":{},"end":{}}],"line":10},"3":{"loc":{"start":{"line":13,"column":4},"end":{"line":15,"column":5}},"type":"if","locations":[{"start":{"line":13,"column":4},"end":{"line":15,"column":5}},{"start":{},"end":{}}],"line":13},"4":{"loc":{"start":{"line":16,"column":4},"end":{"line":18,"column":5}},"type":"if","locations":[{"start":{"line":16,"column":4},"end":{"line":18,"column":5}},{"start":{},"end":{}}],"line":16}},"s":{"0":2,"1":11,"2":11,"3":1,"4":10,"5":1,"6":9,"7":1,"8":8,"9":1,"10":7,"11":1,"12":6,"13":2},"f":{"0":11},"b":{"0":[1,10],"1":[1,9],"2":[1,8],"3":[1,7],"4":[1,6]},"_coverageSchema":"1a1c01bbd47fc00a2c39e90264f33305004495a9","hash":"5abe4ff43f1f47ddb749eb8ed312d39e6e77df52"}
,"C:\\Users\\Lenovo\\Desktop\\Node_t\\node-test\\user_crud_api\\controllers\\Users.js": {"path":"C:\\Users\\Lenovo\\Desktop\\Node_t\\node-test\\user_crud_api\\controllers\\Users.js","statementMap":{"0":{"start":{"line":1,"column":13},"end":{"line":1,"column":47}},"1":{"start":{"line":2,"column":23},"end":{"line":2,"column":38}},"2":{"start":{"line":6,"column":4},"end":{"line":11,"column":5}},"3":{"start":{"line":7,"column":20},"end":{"line":7,"column":37}},"4":{"start":{"line":8,"column":6},"end":{"line":8,"column":34}},"5":{"start":{"line":10,"column":6},"end":{"line":10,"column":65}},"6":{"start":{"line":15,"column":15},"end":{"line":15,"column":28}},"7":{"start":{"line":16,"column":4},"end":{"line":28,"column":5}},"8":{"start":{"line":17,"column":19},"end":{"line":19,"column":8}},"9":{"start":{"line":20,"column":6},"end":{"line":22,"column":7}},"10":{"start":{"line":21,"column":8},"end":{"line":21,"column":67}},"11":{"start":{"line":23,"column":6},"end":{"line":23,"column":33}},"12":{"start":{"line":26,"column":8},"end":{"line":26,"column":57}},"13":{"start":{"line":32,"column":33},"end":{"line":32,"column":41}},"14":{"start":{"line":34,"column":25},"end":{"line":34,"column":54}},"15":{"start":{"line":36,"column":4},"end":{"line":38,"column":5}},"16":{"start":{"line":37,"column":6},"end":{"line":37,"column":71}},"17":{"start":{"line":40,"column":4},"end":{"line":46,"column":5}},"18":{"start":{"line":41,"column":22},"end":{"line":41,"column":75}},"19":{"start":{"line":43,"column":6},"end":{"line":43,"column":36}},"20":{"start":{"line":45,"column":6},"end":{"line":45,"column":55}},"21":{"start":{"line":50,"column":33},"end":{"line":50,"column":41}},"22":{"start":{"line":51,"column":15},"end":{"line":51,"column":28}},"23":{"start":{"line":53,"column":24},"end":{"line":57,"column":5}},"24":{"start":{"line":59,"column":4},"end":{"line":73,"column":5}},"25":{"start":{"line":60,"column":21},"end":{"line":64,"column":7}},"26":{"start":{"line":66,"column":6},"end":{"line":68,"column":7}},"27":{"start":{"line":67,"column":8},"end":{"line":67,"column":67}},"28":{"start":{"line":70,"column":6},"end":{"line":70,"column":35}},"29":{"start":{"line":72,"column":6},"end":{"line":72,"column":55}},"30":{"start":{"line":77,"column":15},"end":{"line":77,"column":28}},"31":{"start":{"line":78,"column":4},"end":{"line":87,"column":5}},"32":{"start":{"line":79,"column":21},"end":{"line":79,"column":53}},"33":{"start":{"line":81,"column":6},"end":{"line":83,"column":7}},"34":{"start":{"line":82,"column":8},"end":{"line":82,"column":67}},"35":{"start":{"line":84,"column":6},"end":{"line":84,"column":69}},"36":{"start":{"line":86,"column":6},"end":{"line":86,"column":55}},"37":{"start":{"line":91,"column":0},"end":{"line":91,"column":39}}},"fnMap":{"0":{"name":"(anonymous_0)","decl":{"start":{"line":5,"column":2},"end":{"line":5,"column":3}},"loc":{"start":{"line":5,"column":30},"end":{"line":12,"column":3}},"line":5},"1":{"name":"(anonymous_1)","decl":{"start":{"line":14,"column":2},"end":{"line":14,"column":3}},"loc":{"start":{"line":14,"column":30},"end":{"line":29,"column":3}},"line":14},"2":{"name":"(anonymous_2)","decl":{"start":{"line":31,"column":2},"end":{"line":31,"column":3}},"loc":{"start":{"line":31,"column":29},"end":{"line":47,"column":3}},"line":31},"3":{"name":"(anonymous_3)","decl":{"start":{"line":49,"column":2},"end":{"line":49,"column":3}},"loc":{"start":{"line":49,"column":29},"end":{"line":74,"column":3}},"line":49},"4":{"name":"(anonymous_4)","decl":{"start":{"line":76,"column":2},"end":{"line":76,"column":3}},"loc":{"start":{"line":76,"column":29},"end":{"line":88,"column":3}},"line":76}},"branchMap":{"0":{"loc":{"start":{"line":20,"column":6},"end":{"line":22,"column":7}},"type":"if","locations":[{"start":{"line":20,"column":6},"end":{"line":22,"column":7}},{"start":{},"end":{}}],"line":20},"1":{"loc":{"start":{"line":36,"column":4},"end":{"line":38,"column":5}},"type":"if","locations":[{"start":{"line":36,"column":4},"end":{"line":38,"column":5}},{"start":{},"end":{}}],"line":36},"2":{"loc":{"start":{"line":66,"column":6},"end":{"line":68,"column":7}},"type":"if","locations":[{"start":{"line":66,"column":6},"end":{"line":68,"column":7}},{"start":{},"end":{}}],"line":66},"3":{"loc":{"start":{"line":81,"column":6},"end":{"line":83,"column":7}},"type":"if","locations":[{"start":{"line":81,"column":6},"end":{"line":83,"column":7}},{"start":{},"end":{}}],"line":81}},"s":{"0":2,"1":2,"2":2,"3":2,"4":1,"5":1,"6":3,"7":3,"8":3,"9":2,"10":1,"11":1,"12":1,"13":4,"14":4,"15":4,"16":2,"17":2,"18":2,"19":1,"20":1,"21":3,"22":3,"23":3,"24":3,"25":3,"26":2,"27":1,"28":1,"29":1,"30":3,"31":3,"32":3,"33":2,"34":1,"35":1,"36":1,"37":2},"f":{"0":2,"1":3,"2":4,"3":3,"4":3},"b":{"0":[1,1],"1":[2,2],"2":[1,1],"3":[1,1]},"_coverageSchema":"1a1c01bbd47fc00a2c39e90264f33305004495a9","hash":"aff95e0f25d419aa33e6106f570db26e38dc81b9"}
,"C:\\Users\\Lenovo\\Desktop\\Node_t\\node-test\\user_crud_api\\models\\User.model.js": {"path":"C:\\Users\\Lenovo\\Desktop\\Node_t\\node-test\\user_crud_api\\models\\User.model.js","statementMap":{"0":{"start":{"line":1,"column":17},"end":{"line":1,"column":36}},"1":{"start":{"line":4,"column":19},"end":{"line":25,"column":1}},"2":{"start":{"line":27,"column":13},"end":{"line":27,"column":76}},"3":{"start":{"line":28,"column":0},"end":{"line":28,"column":21}}},"fnMap":{},"branchMap":{"0":{"loc":{"start":{"line":27,"column":13},"end":{"line":27,"column":76}},"type":"binary-expr","locations":[{"start":{"line":27,"column":13},"end":{"line":27,"column":33}},{"start":{"line":27,"column":37},"end":{"line":27,"column":76}}],"line":27}},"s":{"0":2,"1":2,"2":2,"3":2},"f":{},"b":{"0":[2,2]},"_coverageSchema":"1a1c01bbd47fc00a2c39e90264f33305004495a9","hash":"80914830e43eaae43ffd89acbb2902272c1ef298"}
,"C:\\Users\\Lenovo\\Desktop\\Node_t\\node-test\\user_crud_api\\routes\\User.js": {"path":"C:\\Users\\Lenovo\\Desktop\\Node_t\\node-test\\user_crud_api\\routes\\User.js","statementMap":{"0":{"start":{"line":1,"column":16},"end":{"line":1,"column":34}},"1":{"start":{"line":2,"column":21},"end":{"line":2,"column":39}},"2":{"start":{"line":3,"column":24},"end":{"line":3,"column":58}},"3":{"start":{"line":4,"column":25},"end":{"line":4,"column":64}},"4":{"start":{"line":6,"column":15},"end":{"line":6,"column":31}},"5":{"start":{"line":7,"column":0},"end":{"line":7,"column":50}},"6":{"start":{"line":8,"column":0},"end":{"line":8,"column":64}},"7":{"start":{"line":10,"column":0},"end":{"line":10,"column":54}},"8":{"start":{"line":13,"column":0},"end":{"line":13,"column":67}},"9":{"start":{"line":15,"column":0},"end":{"line":15,"column":56}},"10":{"start":{"line":17,"column":0},"end":{"line":17,"column":24}}},"fnMap":{},"branchMap":{},"s":{"0":1,"1":1,"2":1,"3":1,"4":1,"5":1,"6":1,"7":1,"8":1,"9":1,"10":1},"f":{},"b":{},"_coverageSchema":"1a1c01bbd47fc00a2c39e90264f33305004495a9","hash":"cc591a5cde34ba0eb63a29670937b5a7bda69fd8"}
}
