TN:
SF:app.js
FN:32,(anonymous_0)
FN:43,oo_cm
FNF:2
FNH:2
FNDA:1,(anonymous_0)
FNDA:1,oo_cm
DA:1,1
DA:3,1
DA:4,1
DA:5,1
DA:6,1
DA:7,1
DA:8,1
DA:10,1
DA:12,1
DA:13,1
DA:15,1
DA:16,1
DA:18,1
DA:21,1
DA:23,1
DA:32,1
DA:33,1
DA:36,1
DA:43,1
LF:19
LH:19
BRDA:13,0,0,1
BRDA:13,0,1,1
BRDA:43,1,0,1
BRDA:43,1,1,1
BRF:4
BRH:4
end_of_record
TN:
SF:config\mongodb.js
FN:22,(anonymous_0)
FN:25,(anonymous_1)
FN:28,(anonymous_2)
FN:40,oo_cm
FNF:4
FNH:3
FNDA:1,(anonymous_0)
FNDA:1,(anonymous_1)
FNDA:0,(anonymous_2)
FNDA:1,oo_cm
DA:2,1
DA:20,1
DA:22,1
DA:23,1
DA:26,1
DA:29,0
DA:33,1
DA:40,1
LF:8
LH:7
BRDA:40,0,0,1
BRDA:40,0,1,0
BRF:2
BRH:1
end_of_record
TN:
SF:middleware\logger.js
FN:4,(anonymous_0)
FN:6,(anonymous_1)
FN:21,oo_cm
FNF:3
FNH:1
FNDA:10,(anonymous_0)
FNDA:0,(anonymous_1)
FNDA:0,oo_cm
DA:1,1
DA:2,1
DA:4,1
DA:5,10
DA:6,10
DA:7,0
DA:8,0
DA:11,10
DA:14,1
DA:21,0
LF:10
LH:7
BRDA:7,0,0,0
BRDA:7,0,1,0
BRDA:21,1,0,0
BRDA:21,1,1,0
BRF:4
BRH:0
end_of_record
TN:
SF:middleware\validate.js
FN:1,(anonymous_0)
FNF:1
FNH:1
FNDA:11,(anonymous_0)
DA:1,2
DA:2,11
DA:4,11
DA:5,1
DA:7,10
DA:8,1
DA:10,9
DA:11,1
DA:13,8
DA:14,1
DA:16,7
DA:17,1
DA:19,6
DA:22,2
LF:14
LH:14
BRDA:4,0,0,1
BRDA:4,0,1,10
BRDA:7,1,0,1
BRDA:7,1,1,9
BRDA:10,2,0,1
BRDA:10,2,1,8
BRDA:13,3,0,1
BRDA:13,3,1,7
BRDA:16,4,0,1
BRDA:16,4,1,6
BRF:10
BRH:10
end_of_record
TN:
SF:user_crud_api\controllers\Users.js
FN:5,(anonymous_0)
FN:14,(anonymous_1)
FN:31,(anonymous_2)
FN:49,(anonymous_3)
FN:76,(anonymous_4)
FNF:5
FNH:5
FNDA:1,(anonymous_0)
FNDA:2,(anonymous_1)
FNDA:3,(anonymous_2)
FNDA:2,(anonymous_3)
FNDA:2,(anonymous_4)
DA:1,1
DA:2,1
DA:6,1
DA:7,1
DA:8,1
DA:10,0
DA:15,2
DA:16,2
DA:17,2
DA:20,2
DA:21,1
DA:23,1
DA:25,0
DA:26,0
DA:32,3
DA:34,3
DA:36,3
DA:37,2
DA:40,1
DA:41,1
DA:43,1
DA:45,0
DA:50,2
DA:51,2
DA:53,2
DA:59,2
DA:60,2
DA:66,2
DA:67,1
DA:70,1
DA:72,0
DA:77,2
DA:78,2
DA:79,2
DA:81,2
DA:82,1
DA:84,1
DA:86,0
DA:91,1
LF:39
LH:33
BRDA:20,0,0,1
BRDA:20,0,1,1
BRDA:25,1,0,0
BRDA:25,1,1,0
BRDA:36,2,0,2
BRDA:36,2,1,1
BRDA:66,3,0,1
BRDA:66,3,1,1
BRDA:81,4,0,1
BRDA:81,4,1,1
BRF:10
BRH:8
end_of_record
TN:
SF:user_crud_api\models\User.model.js
FNF:0
FNH:0
DA:1,1
DA:4,1
DA:27,1
DA:28,1
LF:4
LH:4
BRDA:27,0,0,1
BRDA:27,0,1,1
BRF:2
BRH:2
end_of_record
TN:
SF:user_crud_api\routes\User.js
FNF:0
FNH:0
DA:1,1
DA:2,1
DA:3,1
DA:4,1
DA:6,1
DA:7,1
DA:8,1
DA:10,1
DA:13,1
DA:15,1
DA:17,1
LF:11
LH:11
BRF:0
BRH:0
end_of_record
